生成启动时间为 2018/12/11 14:29:33。
     1>项目“D:\Missions\软件工程\Task2\Task2.vcxproj”在节点 2 上(build 个目标)。
     1>InitializeBuildStatus:
         正在创建“Debug\Task2.unsuccessfulbuild”，因为已指定“AlwaysCreate”。
       ClCompile:
         所有输出均为最新。
         C:\Program Files (x86)\Microsoft Visual Studio 10.0\VC\bin\CL.exe /c /ZI /nologo /W3 /WX- /Od /Oy- /D WIN32 /D _DEBUG /D _CONSOLE /D _UNICODE /D UNICODE /Gm /EHsc /RTC1 /MDd /GS /fp:precise /Zc:wchar_t /Zc:forScope /Yu"StdAfx.h" /Fp"Debug\Task2.pch" /Fo"Debug\\" /Fd"Debug\vc100.pdb" /Gd /TP /analyze- /errorReport:prompt Task2.cpp
         Task2.cpp
       ManifestResourceCompile:
         所有输出均为最新。
       Link:
         C:\Program Files (x86)\Microsoft Visual Studio 10.0\VC\bin\link.exe /ERRORREPORT:PROMPT /OUT:"D:\Missions\软件工程\Task2\Debug\Task2.exe" /INCREMENTAL /NOLOGO kernel32.lib user32.lib gdi32.lib winspool.lib comdlg32.lib advapi32.lib shell32.lib ole32.lib oleaut32.lib uuid.lib odbc32.lib odbccp32.lib /MANIFEST /ManifestFile:"Debug\Task2.exe.intermediate.manifest" /MANIFESTUAC:"level='asInvoker' uiAccess='false'" /DEBUG /PDB:"D:\Missions\软件工程\Task2\Debug\Task2.pdb" /SUBSYSTEM:CONSOLE /TLBID:1 /DYNAMICBASE /NXCOMPAT /IMPLIB:"D:\Missions\软件工程\Task2\Debug\Task2.lib" /MACHINE:X86 Debug\Task2.exe.embed.manifest.res
         Debug\stdafx.obj
         Debug\Task2.obj
       Manifest:
         C:\Program Files (x86)\Microsoft SDKs\Windows\v7.0A\bin\mt.exe /nologo /verbose /out:"Debug\Task2.exe.embed.manifest" /manifest Debug\Task2.exe.intermediate.manifest
         所有输出均为最新。
       LinkEmbedManifest:
         所有输出均为最新。
         Task2.vcxproj -> D:\Missions\软件工程\Task2\Debug\Task2.exe
       FinalizeBuildStatus:
         正在删除文件“Debug\Task2.unsuccessfulbuild”。
         正在对“Debug\Task2.lastbuildstate”执行 Touch 任务。
     1>已完成生成项目“D:\Missions\软件工程\Task2\Task2.vcxproj”(build 个目标)的操作。

生成成功。

已用时间 00:00:01.30
