生成启动时间为 2018/12/12 20:52:35。
     1>项目“D:\Missions\软件工程\Task4\Task4.vcxproj”在节点 2 上(build 个目标)。
     1>InitializeBuildStatus:
         正在创建“Debug\Task4.unsuccessfulbuild”，因为已指定“AlwaysCreate”。
       ClCompile:
         所有输出均为最新。
         C:\Program Files (x86)\Microsoft Visual Studio 10.0\VC\bin\CL.exe /c /ZI /nologo /W3 /WX- /Od /Oy- /D WIN32 /D _DEBUG /D _CONSOLE /D _UNICODE /D UNICODE /Gm /EHsc /RTC1 /MDd /GS /fp:precise /Zc:wchar_t /Zc:forScope /Yu"StdAfx.h" /Fp"Debug\Task4.pch" /Fo"Debug\\" /Fd"Debug\vc100.pdb" /Gd /TP /analyze- /errorReport:prompt Task4.cpp
         Task4.cpp
     1>d:\missions\软件工程\task4\pic.h(215): warning C4996: 'strcpy': This function or variable may be unsafe. Consider using strcpy_s instead. To disable deprecation, use _CRT_SECURE_NO_WARNINGS. See online help for details.
                 c:\program files (x86)\microsoft visual studio 10.0\vc\include\string.h(105) : 参见“strcpy”的声明
       ManifestResourceCompile:
         所有输出均为最新。
       Link:
         C:\Program Files (x86)\Microsoft Visual Studio 10.0\VC\bin\link.exe /ERRORREPORT:PROMPT /OUT:"D:\Missions\软件工程\Task4\Debug\Task4.exe" /INCREMENTAL /NOLOGO kernel32.lib user32.lib gdi32.lib winspool.lib comdlg32.lib advapi32.lib shell32.lib ole32.lib oleaut32.lib uuid.lib odbc32.lib odbccp32.lib /MANIFEST /ManifestFile:"Debug\Task4.exe.intermediate.manifest" /MANIFESTUAC:"level='asInvoker' uiAccess='false'" /DEBUG /PDB:"D:\Missions\软件工程\Task4\Debug\Task4.pdb" /SUBSYSTEM:CONSOLE /TLBID:1 /DYNAMICBASE /NXCOMPAT /IMPLIB:"D:\Missions\软件工程\Task4\Debug\Task4.lib" /MACHINE:X86 Debug\Task4.exe.embed.manifest.res
         Debug\stdafx.obj
         Debug\Task4.obj
       Manifest:
         C:\Program Files (x86)\Microsoft SDKs\Windows\v7.0A\bin\mt.exe /nologo /verbose /out:"Debug\Task4.exe.embed.manifest" /manifest Debug\Task4.exe.intermediate.manifest
         所有输出均为最新。
       LinkEmbedManifest:
         所有输出均为最新。
         Task4.vcxproj -> D:\Missions\软件工程\Task4\Debug\Task4.exe
       FinalizeBuildStatus:
         正在删除文件“Debug\Task4.unsuccessfulbuild”。
         正在对“Debug\Task4.lastbuildstate”执行 Touch 任务。
     1>已完成生成项目“D:\Missions\软件工程\Task4\Task4.vcxproj”(build 个目标)的操作。

生成成功。

已用时间 00:00:01.60
